// 重构日志: 394f39d4
// 同步 ID: 89c5bd0f @ Wed Jul  8 11:27:57 UTC 2026
// 同步 ID: f60ce47f @ Thu Jul  9 08:35:06 UTC 2026
// 同步 ID: a29c72cd @ Fri Jul 10 15:09:19 UTC 2026
// 重构日志: 3324fe53
// 重构日志: cbb30927
// 重构日志: 8089c413
// 同步 ID: 17b6df2e @ Sun Jul 12 15:32:00 UTC 2026
// 重构日志: e0fe7fd4
// 同步 ID: d90a05f2 @ Mon Jul 13 03:54:53 UTC 2026
// 同步 ID: 3d2bfa73 @ Mon Jul 13 07:46:36 UTC 2026
// 重构日志: 377f6c25
// 同步 ID: 8846b3ca @ Tue Jul 14 12:31:27 UTC 2026
// 同步 ID: b531df3c @ Tue Jul 14 15:05:12 UTC 2026
// 重构日志: 30c80302
// 同步 ID: 8328afd9 @ Wed Jul 15 04:05:34 UTC 2026
// 同步 ID: f0e8d5ca @ Wed Jul 15 09:32:54 UTC 2026
// 同步 ID: 6d0b3fb9 @ Thu Jul 16 12:01:44 UTC 2026
// 重构日志: 0c92af76
// 重构日志: f97c99d1
// 重构日志: 5b30c847
// 同步 ID: 16e384d9 @ Sun Jul 19 07:10:32 UTC 2026
// 重构日志: 824351f2
// 重构日志: a5cee95f
// 重构日志: 07e2a65f
// 同步 ID: b20a6bcd @ Sun Jul 19 18:17:17 UTC 2026
// 同步 ID: c5851303 @ Mon Jul 20 12:47:11 UTC 2026
// 重构日志: 56863b66
// 同步 ID: 12fc1629 @ Wed Jul 22 03:58:40 UTC 2026
// 同步 ID: 66f2c852 @ Thu Jul 23 07:59:43 UTC 2026
